nohup: ignoring input
/workspaces/Almustasharai-/server/node_modules/pg-pool/index.js:45
    Error.captureStackTrace(err)
          ^

AggregateError [ECONNREFUSED]: 
    at /workspaces/Almustasharai-/server/node_modules/pg-pool/index.js:45:11
    at process.processTicksAndRejections (node:internal/process/task_queues:103:5)
    at async initDb (/workspaces/Almustasharai-/server/server.js:26:3)
    at async Server.<anonymous> (/workspaces/Almustasharai-/server/server.js:277:3) {
  code: 'ECONNREFUSED',
  [errors]: [
    Error: connect ECONNREFUSED ::1:5432
        at createConnectionError (node:net:1678:14)
        at afterConnectMultiple (node:net:1708:16) {
      errno: -111,
      code: 'ECONNREFUSED',
      syscall: 'connect',
      address: '::1',
      port: 5432
    },
    Error: connect ECONNREFUSED 127.0.0.1:5432
        at createConnectionError (node:net:1678:14)
        at afterConnectMultiple (node:net:1708:16) {
      errno: -111,
      code: 'ECONNREFUSED',
      syscall: 'connect',
      address: '127.0.0.1',
      port: 5432
    }
  ]
}

Node.js v24.11.1
